生成启动时间为 2015/7/4 0:22:38。
     1>项目“D:\桌面C++系列\早睡提醒\SleepReminder\SleepReminder\SleepReminder.vcxproj”在节点 2 上(Build 个目标)。
     1>CustomBuild:
         Moc'ing sleepreminder.h...
     1>C:\Program Files (x86)\MSBuild\Microsoft.Cpp\v4.0\V120\Microsoft.CppBuild.targets(935,5): warning MSB8027: Two or more files with the name of moc_sleepreminder.cpp will produce outputs to the same location. This can lead to an incorrect build result.  The files involved are GeneratedFiles\Debug\moc_sleepreminder.cpp, GeneratedFiles\Release\moc_sleepreminder.cpp.
       ClCompile:
         D:\Bigruanjian\VS\VC\bin\x86_amd64\CL.exe /c /I.\GeneratedFiles /I. /ID:\Bigruanjian\QT\5.4\msvc2013_64_opengl\include /I.\GeneratedFiles\Debug /ID:\Bigruanjian\QT\5.4\msvc2013_64_opengl\include\QtCore /ID:\Bigruanjian\QT\5.4\msvc2013_64_opengl\include\QtGui /ID:\Bigruanjian\QT\5.4\msvc2013_64_opengl\include\QtWidgets /Zi /nologo /W1 /WX- /Od /D UNICODE /D WIN32 /D WIN64 /D QT_DLL /D QT_CORE_LIB /D QT_GUI_LIB /D QT_WIDGETS_LIB /Gm- /EHsc /MDd /GS /fp:precise /Zc:wchar_t /Zc:forScope /Fo"x64\Debug\\" /Fd"x64\Debug\vc120.pdb" /Gd /TP /errorReport:prompt GeneratedFiles\Debug\moc_sleepreminder.cpp main.cpp sleepreminder.cpp
         moc_sleepreminder.cpp
         main.cpp
         sleepreminder.cpp
         正在生成代码...
       Link:
         D:\Bigruanjian\VS\VC\bin\x86_amd64\link.exe /ERRORREPORT:PROMPT /OUT:"D:\桌面C++系列\早睡提醒\SleepReminder\x64\Debug\\SleepReminder.exe" /NOLOGO /LIBPATH:D:\Bigruanjian\QT\5.4\msvc2013_64_opengl\lib qtmaind.lib Qt5Cored.lib Qt5Guid.lib Qt5Widgetsd.lib kernel32.lib user32.lib gdi32.lib winspool.lib comdlg32.lib advapi32.lib shell32.lib ole32.lib oleaut32.lib uuid.lib odbc32.lib odbccp32.lib /MANIFEST /MANIFESTUAC:"level='asInvoker' uiAccess='false'" /manifest:embed /DEBUG /PDB:"D:\桌面C++系列\早睡提醒\SleepReminder\x64\Debug\SleepReminder.pdb" /SUBSYSTEM:WINDOWS /TLBID:1 /DYNAMICBASE /NXCOMPAT /IMPLIB:"D:\桌面C++系列\早睡提醒\SleepReminder\x64\Debug\SleepReminder.lib" /MACHINE:X64 x64\Debug\Resource.res
         x64\Debug\moc_sleepreminder.obj
         x64\Debug\qrc_sleepreminder.obj
         x64\Debug\main.obj
         x64\Debug\sleepreminder.obj
         SleepReminder.vcxproj -> D:\桌面C++系列\早睡提醒\SleepReminder\x64\Debug\SleepReminder.exe
     1>已完成生成项目“D:\桌面C++系列\早睡提醒\SleepReminder\SleepReminder\SleepReminder.vcxproj”(Build 个目标)的操作。

生成成功。

已用时间 00:00:05.17
