生成启动时间为 2015/7/4 0:24:22。
     1>项目“D:\桌面C++系列\早睡提醒\SleepReminder\SleepReminder\SleepReminder.vcxproj”在节点 2 上(Rebuild 个目标)。
     1>CustomBuild:
         Moc'ing sleepreminder.h...
         Uic'ing sleepreminder.ui...
         Rcc'ing sleepreminder.qrc...
     1>C:\Program Files (x86)\MSBuild\Microsoft.Cpp\v4.0\V120\Microsoft.CppBuild.targets(935,5): warning MSB8027: Two or more files with the name of moc_sleepreminder.cpp will produce outputs to the same location. This can lead to an incorrect build result.  The files involved are GeneratedFiles\Debug\moc_sleepreminder.cpp, GeneratedFiles\Release\moc_sleepreminder.cpp.
       ClCompile:
         D:\Bigruanjian\VS\VC\bin\x86_amd64\CL.exe /c /I.\GeneratedFiles /I. /ID:\Bigruanjian\QT\5.4\msvc2013_64_opengl\include /I.\GeneratedFiles\Release /ID:\Bigruanjian\QT\5.4\msvc2013_64_opengl\include\QtCore /ID:\Bigruanjian\QT\5.4\msvc2013_64_opengl\include\QtGui /ID:\Bigruanjian\QT\5.4\msvc2013_64_opengl\include\QtWidgets /nologo /W1 /WX- /O2 /D UNICODE /D WIN32 /D WIN64 /D QT_DLL /D QT_NO_DEBUG /D NDEBUG /D QT_CORE_LIB /D QT_GUI_LIB /D QT_WIDGETS_LIB /Gm- /EHsc /MD /GS /fp:precise /Zc:wchar_t /Zc:forScope /Fo"x64\Release\\" /Fd"x64\Release\vc120.pdb" /Gd /TP /errorReport:prompt GeneratedFiles\qrc_sleepreminder.cpp
         qrc_sleepreminder.cpp
         D:\Bigruanjian\VS\VC\bin\x86_amd64\CL.exe /c /I.\GeneratedFiles /I. /ID:\Bigruanjian\QT\5.4\msvc2013_64_opengl\include /I.\GeneratedFiles\Release /ID:\Bigruanjian\QT\5.4\msvc2013_64_opengl\include\QtCore /ID:\Bigruanjian\QT\5.4\msvc2013_64_opengl\include\QtGui /ID:\Bigruanjian\QT\5.4\msvc2013_64_opengl\include\QtWidgets /nologo /W1 /WX- /O2 /D UNICODE /D WIN32 /D WIN64 /D QT_DLL /D QT_NO_DEBUG /D NDEBUG /D QT_CORE_LIB /D QT_GUI_LIB /D QT_WIDGETS_LIB /Gm- /EHsc /MD /GS /fp:precise /Zc:wchar_t /Zc:forScope /Fo"x64\Release\\" /Fd"x64\Release\vc120.pdb" /Gd /TP /errorReport:prompt GeneratedFiles\Release\moc_sleepreminder.cpp main.cpp sleepreminder.cpp
         moc_sleepreminder.cpp
         main.cpp
         sleepreminder.cpp
         正在生成代码...
       ResourceCompile:
         C:\Program Files (x86)\Windows Kits\8.1\bin\x86\rc.exe /l"0x0409" /nologo /fo"x64\Release\Resource.res" Resource.rc 
       Link:
         D:\Bigruanjian\VS\VC\bin\x86_amd64\link.exe /ERRORREPORT:PROMPT /OUT:"D:\桌面C++系列\早睡提醒\SleepReminder\x64\Release\\SleepReminder.exe" /NOLOGO /LIBPATH:D:\Bigruanjian\QT\5.4\msvc2013_64_opengl\lib qtmain.lib Qt5Core.lib Qt5Gui.lib Qt5Widgets.lib kernel32.lib user32.lib gdi32.lib winspool.lib comdlg32.lib advapi32.lib shell32.lib ole32.lib oleaut32.lib uuid.lib odbc32.lib odbccp32.lib /MANIFEST /MANIFESTUAC:"level='asInvoker' uiAccess='false'" /manifest:embed /PDB:"D:\桌面C++系列\早睡提醒\SleepReminder\x64\Release\SleepReminder.pdb" /SUBSYSTEM:WINDOWS /TLBID:1 /DYNAMICBASE /NXCOMPAT /IMPLIB:"D:\桌面C++系列\早睡提醒\SleepReminder\x64\Release\SleepReminder.lib" /MACHINE:X64 x64\Release\Resource.res
         x64\Release\qrc_sleepreminder.obj
         x64\Release\moc_sleepreminder.obj
         x64\Release\main.obj
         x64\Release\sleepreminder.obj
         SleepReminder.vcxproj -> D:\桌面C++系列\早睡提醒\SleepReminder\x64\Release\SleepReminder.exe
     1>已完成生成项目“D:\桌面C++系列\早睡提醒\SleepReminder\SleepReminder\SleepReminder.vcxproj”(Rebuild 个目标)的操作。

生成成功。

已用时间 00:00:05.41
