d:\桌面c++系列\早睡提醒\sleepreminder\sleepreminder\x64\release\qrc_sleepreminder.obj
d:\桌面c++系列\早睡提醒\sleepreminder\sleepreminder\x64\release\sleepreminder.obj
d:\桌面c++系列\早睡提醒\sleepreminder\sleepreminder\x64\release\main.obj
d:\桌面c++系列\早睡提醒\sleepreminder\sleepreminder\x64\release\moc_sleepreminder.obj
d:\桌面c++系列\早睡提醒\sleepreminder\sleepreminder\generatedfiles\release\moc_sleepreminder.cpp
d:\桌面c++系列\早睡提醒\sleepreminder\sleepreminder\generatedfiles\ui_sleepreminder.h
d:\桌面c++系列\早睡提醒\sleepreminder\sleepreminder\generatedfiles\qrc_sleepreminder.cpp
d:\桌面c++系列\早睡提醒\sleepreminder\x64\release\sleepreminder.exe
d:\桌面c++系列\早睡提醒\sleepreminder\sleepreminder\x64\release\resource.res
d:\桌面c++系列\早睡提醒\sleepreminder\sleepreminder\x64\release\sleepreminder.tlog\cl.command.1.tlog
d:\桌面c++系列\早睡提醒\sleepreminder\sleepreminder\x64\release\sleepreminder.tlog\cl.read.1.tlog
d:\桌面c++系列\早睡提醒\sleepreminder\sleepreminder\x64\release\sleepreminder.tlog\cl.write.1.tlog
d:\桌面c++系列\早睡提醒\sleepreminder\sleepreminder\x64\release\sleepreminder.tlog\custombuild.command.1.tlog
d:\桌面c++系列\早睡提醒\sleepreminder\sleepreminder\x64\release\sleepreminder.tlog\custombuild.read.1.tlog
d:\桌面c++系列\早睡提醒\sleepreminder\sleepreminder\x64\release\sleepreminder.tlog\custombuild.write.1.tlog
d:\桌面c++系列\早睡提醒\sleepreminder\sleepreminder\x64\release\sleepreminder.tlog\link.command.1.tlog
d:\桌面c++系列\早睡提醒\sleepreminder\sleepreminder\x64\release\sleepreminder.tlog\link.read.1.tlog
d:\桌面c++系列\早睡提醒\sleepreminder\sleepreminder\x64\release\sleepreminder.tlog\link.write.1.tlog
d:\桌面c++系列\早睡提醒\sleepreminder\sleepreminder\x64\release\sleepreminder.tlog\rc.command.1.tlog
d:\桌面c++系列\早睡提醒\sleepreminder\sleepreminder\x64\release\sleepreminder.tlog\rc.read.1.tlog
d:\桌面c++系列\早睡提醒\sleepreminder\sleepreminder\x64\release\sleepreminder.tlog\rc.write.1.tlog
